<?xml version="1.0" encoding="UTF-8"?>
<testng-results skipped="0" failed="0" ignored="0" total="2" passed="2">
  <reporter-output>
  </reporter-output>
  <suite name="CalculatorTests" duration-ms="135" started-at="2018-12-24T09:12:31Z" finished-at="2018-12-24T09:12:31Z">
    <groups>
    </groups>
    <test name="test1" duration-ms="135" started-at="2018-12-24T09:12:31Z" finished-at="2018-12-24T09:12:31Z">
      <class name="Calculator.CalculatorTests">
        <test-method status="PASS" signature="testMoltiple(int, int)[pri:0, instance:Calculator.CalculatorTests@7ac7a4e4]" name="testMoltiple" duration-ms="40" started-at="2018-12-24T09:12:31Z" finished-at="2018-12-24T09:12:31Z">
          <params>
            <param index="0">
              <value>
                <![CDATA[2]]>
              </value>
            </param>
            <param index="1">
              <value>
                <![CDATA[3]]>
              </value>
            </param>
          </params>
          <reporter-output>
          </reporter-output>
        </test-method> <!-- testMoltiple -->
        <test-method status="PASS" signature="testSum(int, int)[pri:0, instance:Calculator.CalculatorTests@7ac7a4e4]" name="testSum" duration-ms="4" started-at="2018-12-24T09:12:31Z" finished-at="2018-12-24T09:12:31Z">
          <params>
            <param index="0">
              <value>
                <![CDATA[2]]>
              </value>
            </param>
            <param index="1">
              <value>
                <![CDATA[3]]>
              </value>
            </param>
          </params>
          <reporter-output>
          </reporter-output>
        </test-method> <!-- testSum -->
      </class> <!-- Calculator.CalculatorTests -->
    </test> <!-- test1 -->
  </suite> <!-- CalculatorTests -->
</testng-results>
